{"/Users/luca/Desktop/examen-devops/src/services/validations.js": {"path":"/Users/luca/Desktop/examen-devops/src/services/validations.js","statementMap":{"0":{"start":{"line":4,"column":26},"end":{"line":4,"column":61}},"1":{"start":{"line":5,"column":16},"end":{"line":5,"column":66}},"2":{"start":{"line":7,"column":16},"end":{"line":22,"column":1}},"3":{"start":{"line":8,"column":4},"end":{"line":10,"column":5}},"4":{"start":{"line":9,"column":8},"end":{"line":9,"column":21}},"5":{"start":{"line":11,"column":14},"end":{"line":11,"column":15}},"6":{"start":{"line":12,"column":4},"end":{"line":14,"column":5}},"7":{"start":{"line":12,"column":17},"end":{"line":12,"column":18}},"8":{"start":{"line":13,"column":8},"end":{"line":13,"column":54}},"9":{"start":{"line":13,"column":48},"end":{"line":13,"column":54}},"10":{"start":{"line":15,"column":4},"end":{"line":15,"column":30}},"11":{"start":{"line":15,"column":17},"end":{"line":15,"column":30}},"12":{"start":{"line":16,"column":15},"end":{"line":16,"column":16}},"13":{"start":{"line":17,"column":4},"end":{"line":19,"column":5}},"14":{"start":{"line":17,"column":17},"end":{"line":17,"column":18}},"15":{"start":{"line":18,"column":8},"end":{"line":18,"column":45}},"16":{"start":{"line":18,"column":38},"end":{"line":18,"column":45}},"17":{"start":{"line":20,"column":4},"end":{"line":20,"column":31}},"18":{"start":{"line":20,"column":18},"end":{"line":20,"column":31}},"19":{"start":{"line":21,"column":4},"end":{"line":21,"column":16}},"20":{"start":{"line":24,"column":0},"end":{"line":24,"column":26}}},"fnMap":{"0":{"name":"(anonymous_0)","decl":{"start":{"line":7,"column":16},"end":{"line":7,"column":17}},"loc":{"start":{"line":7,"column":25},"end":{"line":22,"column":1}},"line":7}},"branchMap":{"0":{"loc":{"start":{"line":8,"column":4},"end":{"line":10,"column":5}},"type":"if","locations":[{"start":{"line":8,"column":4},"end":{"line":10,"column":5}},{"start":{},"end":{}}],"line":8},"1":{"loc":{"start":{"line":13,"column":8},"end":{"line":13,"column":54}},"type":"if","locations":[{"start":{"line":13,"column":8},"end":{"line":13,"column":54}},{"start":{},"end":{}}],"line":13},"2":{"loc":{"start":{"line":15,"column":4},"end":{"line":15,"column":30}},"type":"if","locations":[{"start":{"line":15,"column":4},"end":{"line":15,"column":30}},{"start":{},"end":{}}],"line":15},"3":{"loc":{"start":{"line":18,"column":8},"end":{"line":18,"column":45}},"type":"if","locations":[{"start":{"line":18,"column":8},"end":{"line":18,"column":45}},{"start":{},"end":{}}],"line":18},"4":{"loc":{"start":{"line":20,"column":4},"end":{"line":20,"column":31}},"type":"if","locations":[{"start":{"line":20,"column":4},"end":{"line":20,"column":31}},{"start":{},"end":{}}],"line":20}},"s":{"0":1,"1":1,"2":1,"3":3,"4":0,"5":3,"6":3,"7":3,"8":29,"9":1,"10":3,"11":2,"12":1,"13":1,"14":1,"15":13,"16":1,"17":1,"18":0,"19":1,"20":1},"f":{"0":3},"b":{"0":[0,3],"1":[1,28],"2":[2,1],"3":[1,12],"4":[0,1]},"_coverageSchema":"1a1c01bbd47fc00a2c39e90264f33305004495a9","hash":"933c3c1803c556c53ddb9ac93e76e5505fae5f21"}
}
